00000000                                     1    		ORG	$0
00000000  00008000                           2  		DC.L	$8000	; adresse de la pile
00000004  00000AC0                           3  		DC.L	calcul	; pour initialisation PC (Compteur Ordinal)
00000008                                     4  
00000008                                     5  * declaration des "variables" du programme
00000008                                     6  * on les initialise avec la directive DC 
00000008                                     7  
00000A00                                     8  		ORG	$A00
00000A00  12                                 9  PrixBonbon	DC.B	18
00000A01                                    10  
00000A01                                    11  
00000A01                                    12  
00000A01                                    13  
00000A01                                    14  * debut des instructions du programme
00000A01                                    15  
00000AC0                                    16  		ORG	$AC0
00000AC0  1238 0A00                         17  calcul		MOVE.B	PrixBonbon,D1     * D1.B := PrixBonbon
00000AC4                                    18  
00000AC4                                    19  
00000AC4                                    20  
00000AC4                                    21  
00000AC4                                    22  * fin du programme principal
00000AC4  4848                              23  		BREAK	
00000AC6                                    24  
00000AC6                                    25  * fin du contenu a assembler
00000AC6                                    26  		END

No errors detected
No warnings generated
