00000000                                     1    		ORG	$0
00000000  00008000                           2  		DC.L	$8000	; adresse de la pile
00000004  00000AC0                           3  		DC.L	debut	; pour initialisation PC (Compteur Ordinal)
00000008                                     4  
00000008                                     5  * declaration des "variables" du programme
00000008                                     6  * on les initialise avec la directive DC 
00000008                                     7  
00000A00                                     8  		ORG	$A00
00000A00  00                                 9  Solde	DC.B	0
00000A01                                    10  
00000A01                                    11  * debut des instructions du programme
00000A01                                    12  
00000A01                                    13  
00000AC0                                    14  debut	ORG	$AC0
00000AC0  11FC 00FF 0A00                    15  		MOVE.B	#-1,Solde
00000AC6  6B00 001E                         16  si1		BMI		sinon1		* Si Solde est négatif
00000ACA  4E71                              17  alors1	NOP
00000ACC  6700 000C                         18  si2		BEQ		sinon2		* Si Solde est égal à 0
00000AD0  4E71                              19  alors2	NOP
00000AD2  303C AAAA                         20  		MOVE.W	#$AAAA,D0
00000AD6  6000 0006                         21  		BRA finsi2
00000ADA  303C CCCC                         22  sinon2	MOVE.W	#$CCCC,D0
00000ADE  323C 1111                         23  finsi2	MOVE.W	#$1111,D1
00000AE2  6000 0006                         24  		BRA finsi1
00000AE6  303C FFFF                         25  sinon1	MOVE.W #$FFFF,D0
00000AEA  343C 2222                         26  finsi1	MOVE.W #$2222,D2
00000AEE                                    27  
00000AEE                                    28  * fin du programme principal
00000AEE  4848                              29  		BREAK	
00000AF0                                    30  
00000AF0                                    31  * fin du contenu a assembler
00000AF0                                    32  		END

No errors detected
No warnings generated
